<?xml version="1.0" encoding="UTF-8"?>
<!-- Generated by org.testng.reporters.JUnitXMLReporter -->
<testsuite hostname="DESKTOP-MVKCGI6" ignored="0" name="Test-actiTime" tests="8" failures="0" timestamp="2021-06-03T23:32:30 IST" time="19.415" errors="0">
  <testcase name="test1" time="0.0" classname="com.test.classes.TestClass2"/>
  <testcase name="test3" time="0.0" classname="com.test.classes.TestClass2"/>
  <testcase name="test2" time="0.0" classname="com.test.classes.TestClass2"/>
  <testcase name="test2" time="0.0" classname="com.test.classes.TestClass2"/>
  <testcase name="test2" time="0.015" classname="com.test.classes.TestClass2"/>
  <testcase name="verifyReportsLink" time="2.612" classname="com.test.classes.TestClass1"/>
  <testcase name="verifyTaskLink" time="2.484" classname="com.test.classes.TestClass1"/>
  <testcase name="verifyUsersLink" time="2.987" classname="com.test.classes.TestClass1"/>
</testsuite> <!-- Test-actiTime -->
