<?xml version="1.0" encoding="UTF-8"?>
<!-- Generated by org.testng.reporters.JUnitReportReporter -->
<testsuite skipped="0" hostname="DESKTOP-MVKCGI6" name="com.test.classes.TestClass" tests="6" failures="0" timestamp="2021-06-20T18:13:59 IST" time="39.800" errors="0">
  <testcase name="verifyReportsLink" time="6.694" classname="com.test.classes.TestClass"/>
  <system-out/>
  <testcase name="verifyTaskLink" time="5.119" classname="com.test.classes.TestClass"/>
  <system-out/>
  <testcase name="verifyReportsLink" time="5.292" classname="com.test.classes.TestClass"/>
  <system-out/>
  <testcase name="verifyTaskLink" time="6.282" classname="com.test.classes.TestClass"/>
  <system-out/>
  <testcase name="verifyUsersLink" time="8.800" classname="com.test.classes.TestClass"/>
  <system-out/>
  <testcase name="verifyUsersLink" time="7.613" classname="com.test.classes.TestClass"/>
  <system-out/>
</testsuite> <!-- com.test.classes.TestClass -->
