<?xml version="1.0" encoding="UTF-8"?>
<!-- Generated by org.testng.reporters.JUnitReportReporter -->
<testsuite skipped="0" hostname="DESKTOP-MVKCGI6" name="com.test.classes.TestClass2" tests="5" failures="0" timestamp="2021-06-03T23:32:30 IST" time="0.015" errors="0">
  <testcase name="test3" time="0.000" classname="com.test.classes.TestClass2"/>
  <system-out/>
  <testcase name="test1" time="0.000" classname="com.test.classes.TestClass2"/>
  <system-out/>
  <testcase name="test2" time="0.000" classname="com.test.classes.TestClass2"/>
  <system-out/>
  <testcase name="test2" time="0.015" classname="com.test.classes.TestClass2"/>
  <system-out/>
  <testcase name="test2" time="0.000" classname="com.test.classes.TestClass2"/>
  <system-out/>
</testsuite> <!-- com.test.classes.TestClass2 -->
